This is pdfTeX, Version 3.14159265-2.6-1.40.20 (TeX Live 2019/W32TeX) (preloaded format=pdflatex 2020.4.7)  22 APR 2020 16:27
entering extended mode
 restricted \write18 enabled.
 %&-line parsing enabled.
**markdown-projet-actuariat.tex
(./markdown-projet-actuariat.tex
LaTeX2e <2020-02-02> patch level 5
L3 programming layer <2020-02-25> (c:/Users/admin/AppData/Roaming/TinyTeX/texmf
-dist/tex/latex/base/article.cls
Document Class: article 2019/12/20 v1.4l Standard LaTeX document class
(c:/Users/admin/AppData/Roaming/TinyTeX/texmf-dist/tex/latex/base/size10.clo
File: size10.clo 2019/12/20 v1.4l Standard LaTeX file (size option)
)
\c@part=\count167
\c@section=\count168
\c@subsection=\count169
\c@subsubsection=\count170
\c@paragraph=\count171
\c@subparagraph=\count172
\c@figure=\count173
\c@table=\count174
\abovecaptionskip=\skip47
\belowcaptionskip=\skip48
\bibindent=\dimen134
) (c:/Users/admin/AppData/Roaming/TinyTeX/texmf-dist/tex/latex/lm/lmodern.sty
Package: lmodern 2009/10/30 v1.6 Latin Modern Fonts
LaTeX Font Info:    Overwriting symbol font `operators' in version `normal'
(Font)                  OT1/cmr/m/n --> OT1/lmr/m/n on input line 22.
LaTeX Font Info:    Overwriting symbol font `letters' in version `normal'
(Font)                  OML/cmm/m/it --> OML/lmm/m/it on input line 23.
LaTeX Font Info:    Overwriting symbol font `symbols' in version `normal'
(Font)                  OMS/cmsy/m/n --> OMS/lmsy/m/n on input line 24.
LaTeX Font Info:    Overwriting symbol font `largesymbols' in version `normal'
(Font)                  OMX/cmex/m/n --> OMX/lmex/m/n on input line 25.
LaTeX Font Info:    Overwriting symbol font `operators' in version `bold'
(Font)                  OT1/cmr/bx/n --> OT1/lmr/bx/n on input line 26.
LaTeX Font Info:    Overwriting symbol font `letters' in version `bold'
(Font)                  OML/cmm/b/it --> OML/lmm/b/it on input line 27.
LaTeX Font Info:    Overwriting symbol font `symbols' in version `bold'
(Font)                  OMS/cmsy/b/n --> OMS/lmsy/b/n on input line 28.
LaTeX Font Info:    Overwriting symbol font `largesymbols' in version `bold'
(Font)                  OMX/cmex/m/n --> OMX/lmex/m/n on input line 29.
LaTeX Font Info:    Overwriting math alphabet `\mathbf' in version `normal'
(Font)                  OT1/cmr/bx/n --> OT1/lmr/bx/n on input line 31.
LaTeX Font Info:    Overwriting math alphabet `\mathsf' in version `normal'
(Font)                  OT1/cmss/m/n --> OT1/lmss/m/n on input line 32.
LaTeX Font Info:    Overwriting math alphabet `\mathit' in version `normal'
(Font)                  OT1/cmr/m/it --> OT1/lmr/m/it on input line 33.
LaTeX Font Info:    Overwriting math alphabet `\mathtt' in version `normal'
(Font)                  OT1/cmtt/m/n --> OT1/lmtt/m/n on input line 34.
LaTeX Font Info:    Overwriting math alphabet `\mathbf' in version `bold'
(Font)                  OT1/cmr/bx/n --> OT1/lmr/bx/n on input line 35.
LaTeX Font Info:    Overwriting math alphabet `\mathsf' in version `bold'
(Font)                  OT1/cmss/bx/n --> OT1/lmss/bx/n on input line 36.
LaTeX Font Info:    Overwriting math alphabet `\mathit' in version `bold'
(Font)                  OT1/cmr/bx/it --> OT1/lmr/bx/it on input line 37.
LaTeX Font Info:    Overwriting math alphabet `\mathtt' in version `bold'
(Font)                  OT1/cmtt/m/n --> OT1/lmtt/m/n on input line 38.
)
(c:/Users/admin/AppData/Roaming/TinyTeX/texmf-dist/tex/latex/amsfonts/amssymb.s
ty
Package: amssymb 2013/01/14 v3.01 AMS font symbols

(c:/Users/admin/AppData/Roaming/TinyTeX/texmf-dist/tex/latex/amsfonts/amsfonts.
sty
Package: amsfonts 2013/01/14 v3.01 Basic AMSFonts support
\@emptytoks=\toks15
\symAMSa=\mathgroup4
\symAMSb=\mathgroup5
LaTeX Font Info:    Redeclaring math symbol \hbar on input line 98.
LaTeX Font Info:    Overwriting math alphabet `\mathfrak' in version `bold'
(Font)                  U/euf/m/n --> U/euf/b/n on input line 106.
))
(c:/Users/admin/AppData/Roaming/TinyTeX/texmf-dist/tex/latex/amsmath/amsmath.st
y
Package: amsmath 2020/01/20 v2.17e AMS math features
\@mathmargin=\skip49
For additional information on amsmath, use the `?' option.

(c:/Users/admin/AppData/Roaming/TinyTeX/texmf-dist/tex/latex/amsmath/amstext.st
y
Package: amstext 2000/06/29 v2.01 AMS text

(c:/Users/admin/AppData/Roaming/TinyTeX/texmf-dist/tex/latex/amsmath/amsgen.sty
File: amsgen.sty 1999/11/30 v2.0 generic functions
\@emptytoks=\toks16
\ex@=\dimen135
))
(c:/Users/admin/AppData/Roaming/TinyTeX/texmf-dist/tex/latex/amsmath/amsbsy.sty
Package: amsbsy 1999/11/29 v1.2d Bold Symbols
\pmbraise@=\dimen136
)
(c:/Users/admin/AppData/Roaming/TinyTeX/texmf-dist/tex/latex/amsmath/amsopn.sty
Package: amsopn 2016/03/08 v2.02 operator names
)
\inf@bad=\count175
LaTeX Info: Redefining \frac on input line 227.
\uproot@=\count176
\leftroot@=\count177
LaTeX Info: Redefining \overline on input line 389.
\classnum@=\count178
\DOTSCASE@=\count179
LaTeX Info: Redefining \ldots on input line 486.
LaTeX Info: Redefining \dots on input line 489.
LaTeX Info: Redefining \cdots on input line 610.
\Mathstrutbox@=\box45
\strutbox@=\box46
\big@size=\dimen137
LaTeX Font Info:    Redeclaring font encoding OML on input line 733.
LaTeX Font Info:    Redeclaring font encoding OMS on input line 734.
\macc@depth=\count180
\c@MaxMatrixCols=\count181
\dotsspace@=\muskip16
\c@parentequation=\count182
\dspbrk@lvl=\count183
\tag@help=\toks17
\row@=\count184
\column@=\count185
\maxfields@=\count186
\andhelp@=\toks18
\eqnshift@=\dimen138
\alignsep@=\dimen139
\tagshift@=\dimen140
\tagwidth@=\dimen141
\totwidth@=\dimen142
\lineht@=\dimen143
\@envbody=\toks19
\multlinegap=\skip50
\multlinetaggap=\skip51
\mathdisplay@stack=\toks20
LaTeX Info: Redefining \[ on input line 2859.
LaTeX Info: Redefining \] on input line 2860.
)
(c:/Users/admin/AppData/Roaming/TinyTeX/texmf-dist/tex/generic/iftex/ifxetex.st
y
Package: ifxetex 2019/10/25 v0.7 ifxetex legacy package. Use iftex instead.
(c:/Users/admin/AppData/Roaming/TinyTeX/texmf-dist/tex/generic/iftex/iftex.sty
Package: iftex 2019/11/07 v1.0c TeX engine tests
))
(c:/Users/admin/AppData/Roaming/TinyTeX/texmf-dist/tex/generic/iftex/ifluatex.s
ty
Package: ifluatex 2019/10/25 v1.5 ifluatex legacy package. Use iftex instead.
) (c:/Users/admin/AppData/Roaming/TinyTeX/texmf-dist/tex/latex/base/fontenc.sty
Package: fontenc 2020/02/11 v2.0o Standard LaTeX package
LaTeX Font Info:    Trying to load font information for T1+lmr on input line 11
2.
(c:/Users/admin/AppData/Roaming/TinyTeX/texmf-dist/tex/latex/lm/t1lmr.fd
File: t1lmr.fd 2009/10/30 v1.6 Font defs for Latin Modern
)) (c:/Users/admin/AppData/Roaming/TinyTeX/texmf-dist/tex/latex/base/inputenc.s
ty
Package: inputenc 2018/08/11 v1.3c Input encoding file
\inpenc@prehook=\toks21
\inpenc@posthook=\toks22
) (c:/Users/admin/AppData/Roaming/TinyTeX/texmf-dist/tex/latex/base/textcomp.st
y
Package: textcomp 2020/02/02 v2.0n Standard LaTeX package
)
(c:/Users/admin/AppData/Roaming/TinyTeX/texmf-dist/tex/latex/upquote/upquote.st
y
Package: upquote 2012/04/19 v1.3 upright-quote and grave-accent glyphs in verba
tim
) (c:/Users/admin/AppData/Roaming/TinyTeX/texmf-dist/tex/latex/xcolor/xcolor.st
y
Package: xcolor 2016/05/11 v2.12 LaTeX color extensions (UK)

(c:/Users/admin/AppData/Roaming/TinyTeX/texmf-dist/tex/latex/graphics-cfg/color
.cfg
File: color.cfg 2016/01/02 v1.6 sample color configuration
)
Package xcolor Info: Driver file: pdftex.def on input line 225.

(c:/Users/admin/AppData/Roaming/TinyTeX/texmf-dist/tex/latex/graphics-def/pdfte
x.def
File: pdftex.def 2018/01/08 v1.0l Graphics/color driver for pdftex
)
Package xcolor Info: Model `cmy' substituted by `cmy0' on input line 1348.
Package xcolor Info: Model `hsb' substituted by `rgb' on input line 1352.
Package xcolor Info: Model `RGB' extended on input line 1364.
Package xcolor Info: Model `HTML' substituted by `rgb' on input line 1366.
Package xcolor Info: Model `Hsb' substituted by `hsb' on input line 1367.
Package xcolor Info: Model `tHsb' substituted by `hsb' on input line 1368.
Package xcolor Info: Model `HSB' substituted by `hsb' on input line 1369.
Package xcolor Info: Model `Gray' substituted by `gray' on input line 1370.
Package xcolor Info: Model `wave' substituted by `hsb' on input line 1371.
)
(c:/Users/admin/AppData/Roaming/TinyTeX/texmf-dist/tex/latex/hyperref/hyperref.
sty
Package: hyperref 2020/01/14 v7.00d Hypertext links for LaTeX

(c:/Users/admin/AppData/Roaming/TinyTeX/texmf-dist/tex/generic/ltxcmds/ltxcmds.
sty
Package: ltxcmds 2019/12/15 v1.24 LaTeX kernel commands for general use (HO)
)
(c:/Users/admin/AppData/Roaming/TinyTeX/texmf-dist/tex/latex/pdftexcmds/pdftexc
mds.sty
Package: pdftexcmds 2019/11/24 v0.31 Utility functions of pdfTeX for LuaTeX (HO
)

(c:/Users/admin/AppData/Roaming/TinyTeX/texmf-dist/tex/generic/infwarerr/infwar
err.sty
Package: infwarerr 2019/12/03 v1.5 Providing info/warning/error messages (HO)
)
Package pdftexcmds Info: \pdf@primitive is available.
Package pdftexcmds Info: \pdf@ifprimitive is available.
Package pdftexcmds Info: \pdfdraftmode found.
)
(c:/Users/admin/AppData/Roaming/TinyTeX/texmf-dist/tex/latex/graphics/keyval.st
y
Package: keyval 2014/10/28 v1.15 key=value parser (DPC)
\KV@toks@=\toks23
)
(c:/Users/admin/AppData/Roaming/TinyTeX/texmf-dist/tex/generic/kvsetkeys/kvsetk
eys.sty
Package: kvsetkeys 2019/12/15 v1.18 Key value parser (HO)
)
(c:/Users/admin/AppData/Roaming/TinyTeX/texmf-dist/tex/generic/kvdefinekeys/kvd
efinekeys.sty
Package: kvdefinekeys 2019-12-19 v1.6 Define keys (HO)
)
(c:/Users/admin/AppData/Roaming/TinyTeX/texmf-dist/tex/generic/pdfescape/pdfesc
ape.sty
Package: pdfescape 2019/12/09 v1.15 Implements pdfTeX's escape features (HO)
)
(c:/Users/admin/AppData/Roaming/TinyTeX/texmf-dist/tex/latex/hycolor/hycolor.st
y
Package: hycolor 2020-01-27 v1.10 Color options for hyperref/bookmark (HO)
)
(c:/Users/admin/AppData/Roaming/TinyTeX/texmf-dist/tex/latex/letltxmacro/letltx
macro.sty
Package: letltxmacro 2019/12/03 v1.6 Let assignment for LaTeX macros (HO)
)
(c:/Users/admin/AppData/Roaming/TinyTeX/texmf-dist/tex/latex/auxhook/auxhook.st
y
Package: auxhook 2019-12-17 v1.6 Hooks for auxiliary files (HO)
)
(c:/Users/admin/AppData/Roaming/TinyTeX/texmf-dist/tex/latex/kvoptions/kvoption
s.sty
Package: kvoptions 2019/11/29 v3.13 Key value format for package options (HO)
)
\@linkdim=\dimen144
\Hy@linkcounter=\count187
\Hy@pagecounter=\count188

(c:/Users/admin/AppData/Roaming/TinyTeX/texmf-dist/tex/latex/hyperref/pd1enc.de
f
File: pd1enc.def 2020/01/14 v7.00d Hyperref: PDFDocEncoding definition (HO)
Now handling font encoding PD1 ...
... no UTF-8 mapping file for font encoding PD1
)
(c:/Users/admin/AppData/Roaming/TinyTeX/texmf-dist/tex/generic/intcalc/intcalc.
sty
Package: intcalc 2019/12/15 v1.3 Expandable calculations with integers (HO)
)
(c:/Users/admin/AppData/Roaming/TinyTeX/texmf-dist/tex/generic/etexcmds/etexcmd
s.sty
Package: etexcmds 2019/12/15 v1.7 Avoid name clashes with e-TeX commands (HO)
)
\Hy@SavedSpaceFactor=\count189
\pdfmajorversion=\count190
Package hyperref Info: Option `unicode' set `true' on input line 4421.

(c:/Users/admin/AppData/Roaming/TinyTeX/texmf-dist/tex/latex/hyperref/puenc.def
File: puenc.def 2020/01/14 v7.00d Hyperref: PDF Unicode definition (HO)
Now handling font encoding PU ...
... no UTF-8 mapping file for font encoding PU
)
Package hyperref Info: Hyper figures OFF on input line 4547.
Package hyperref Info: Link nesting OFF on input line 4552.
Package hyperref Info: Hyper index ON on input line 4555.
Package hyperref Info: Plain pages OFF on input line 4562.
Package hyperref Info: Backreferencing OFF on input line 4567.
Package hyperref Info: Implicit mode ON; LaTeX internals redefined.
Package hyperref Info: Bookmarks ON on input line 4800.
\c@Hy@tempcnt=\count191
(c:/Users/admin/AppData/Roaming/TinyTeX/texmf-dist/tex/latex/url/url.sty
\Urlmuskip=\muskip17
Package: url 2013/09/16  ver 3.4  Verb mode for urls, etc.
)
LaTeX Info: Redefining \url on input line 5159.
\XeTeXLinkMargin=\dimen145

(c:/Users/admin/AppData/Roaming/TinyTeX/texmf-dist/tex/generic/bitset/bitset.st
y
Package: bitset 2019/12/09 v1.3 Handle bit-vector datatype (HO)

(c:/Users/admin/AppData/Roaming/TinyTeX/texmf-dist/tex/generic/bigintcalc/bigin
tcalc.sty
Package: bigintcalc 2019/12/15 v1.5 Expandable calculations on big integers (HO
)
))
\Fld@menulength=\count192
\Field@Width=\dimen146
\Fld@charsize=\dimen147
Package hyperref Info: Hyper figures OFF on input line 6430.
Package hyperref Info: Link nesting OFF on input line 6435.
Package hyperref Info: Hyper index ON on input line 6438.
Package hyperref Info: backreferencing OFF on input line 6445.
Package hyperref Info: Link coloring OFF on input line 6450.
Package hyperref Info: Link coloring with OCG OFF on input line 6455.
Package hyperref Info: PDF/A mode OFF on input line 6460.
LaTeX Info: Redefining \ref on input line 6500.
LaTeX Info: Redefining \pageref on input line 6504.

(c:/Users/admin/AppData/Roaming/TinyTeX/texmf-dist/tex/generic/atbegshi/atbegsh
i.sty
Package: atbegshi 2019/12/05 v1.19 At begin shipout hook (HO)
)
\Hy@abspage=\count193
\c@Item=\count194
\c@Hfootnote=\count195
)
Package hyperref Info: Driver (autodetected): hpdftex.

(c:/Users/admin/AppData/Roaming/TinyTeX/texmf-dist/tex/latex/hyperref/hpdftex.d
ef
File: hpdftex.def 2020/01/14 v7.00d Hyperref driver for pdfTeX

(c:/Users/admin/AppData/Roaming/TinyTeX/texmf-dist/tex/latex/atveryend/atveryen
d.sty
Package: atveryend 2019-12-11 v1.11 Hooks at the very end of document (HO)
Package atveryend Info: \enddocument detected (standard20110627).
)
\Fld@listcount=\count196
\c@bookmark@seq@number=\count197

(c:/Users/admin/AppData/Roaming/TinyTeX/texmf-dist/tex/latex/rerunfilecheck/rer
unfilecheck.sty
Package: rerunfilecheck 2019/12/05 v1.9 Rerun checks for auxiliary files (HO)

(c:/Users/admin/AppData/Roaming/TinyTeX/texmf-dist/tex/generic/uniquecounter/un
iquecounter.sty
Package: uniquecounter 2019/12/15 v1.4 Provide unlimited unique counter (HO)
)
Package uniquecounter Info: New unique counter `rerunfilecheck' on input line 2
86.
)
\Hy@SectionHShift=\skip52
)
(c:/Users/admin/AppData/Roaming/TinyTeX/texmf-dist/tex/latex/geometry/geometry.
sty
Package: geometry 2020/01/02 v5.9 Page Geometry

(c:/Users/admin/AppData/Roaming/TinyTeX/texmf-dist/tex/generic/iftex/ifvtex.sty
Package: ifvtex 2019/10/25 v1.7 ifvtex legacy package. Use iftex instead.
)
\Gm@cnth=\count198
\Gm@cntv=\count199
\c@Gm@tempcnt=\count266
\Gm@bindingoffset=\dimen148
\Gm@wd@mp=\dimen149
\Gm@odd@mp=\dimen150
\Gm@even@mp=\dimen151
\Gm@layoutwidth=\dimen152
\Gm@layoutheight=\dimen153
\Gm@layouthoffset=\dimen154
\Gm@layoutvoffset=\dimen155
\Gm@dimlist=\toks24
)
(c:/Users/admin/AppData/Roaming/TinyTeX/texmf-dist/tex/latex/fancyvrb/fancyvrb.
sty
Package: fancyvrb 2020/01/13 v3.5 verbatim text (tvz,hv)
\FV@CodeLineNo=\count267
\FV@InFile=\read2
\FV@TabBox=\box47
\c@FancyVerbLine=\count268
\FV@StepNumber=\count269
\FV@OutFile=\write3
) (c:/Users/admin/AppData/Roaming/TinyTeX/texmf-dist/tex/latex/framed/framed.st
y
Package: framed 2011/10/22 v 0.96: framed or shaded text with page breaks
\OuterFrameSep=\skip53
\fb@frw=\dimen156
\fb@frh=\dimen157
\FrameRule=\dimen158
\FrameSep=\dimen159
)
(c:/Users/admin/AppData/Roaming/TinyTeX/texmf-dist/tex/latex/tools/longtable.st
y
Package: longtable 2020/01/07 v4.13 Multi-page Table package (DPC)
\LTleft=\skip54
\LTright=\skip55
\LTpre=\skip56
\LTpost=\skip57
\LTchunksize=\count270
\LTcapwidth=\dimen160
\LT@head=\box48
\LT@firsthead=\box49
\LT@foot=\box50
\LT@lastfoot=\box51
\LT@cols=\count271
\LT@rows=\count272
\c@LT@tables=\count273
\c@LT@chunks=\count274
\LT@p@ftn=\toks25
)
(c:/Users/admin/AppData/Roaming/TinyTeX/texmf-dist/tex/latex/booktabs/booktabs.
sty
Package: booktabs 2020/01/12 v1.61803398 Publication quality tables
\heavyrulewidth=\dimen161
\lightrulewidth=\dimen162
\cmidrulewidth=\dimen163
\belowrulesep=\dimen164
\belowbottomsep=\dimen165
\aboverulesep=\dimen166
\abovetopsep=\dimen167
\cmidrulesep=\dimen168
\cmidrulekern=\dimen169
\defaultaddspace=\dimen170
\@cmidla=\count275
\@cmidlb=\count276
\@aboverulesep=\dimen171
\@belowrulesep=\dimen172
\@thisruleclass=\count277
\@lastruleclass=\count278
\@thisrulewidth=\dimen173
)
(c:/Users/admin/AppData/Roaming/TinyTeX/texmf-dist/tex/latex/etoolbox/etoolbox.
sty
Package: etoolbox 2019/09/21 v2.5h e-TeX tools for LaTeX (JAW)
\etb@tempcnta=\count279
)
(c:/Users/admin/AppData/Roaming/TinyTeX/texmf-dist/tex/latex/mdwtools/footnote.
sty
Package: footnote 1997/01/28 1.13 Save footnotes around boxes
\fn@notes=\box52
\fn@width=\dimen174
)
(c:/Users/admin/AppData/Roaming/TinyTeX/texmf-dist/tex/latex/graphics/graphicx.
sty
Package: graphicx 2019/11/30 v1.2a Enhanced LaTeX Graphics (DPC,SPQR)

(c:/Users/admin/AppData/Roaming/TinyTeX/texmf-dist/tex/latex/graphics/graphics.
sty
Package: graphics 2019/11/30 v1.4a Standard LaTeX Graphics (DPC,SPQR)
(c:/Users/admin/AppData/Roaming/TinyTeX/texmf-dist/tex/latex/graphics/trig.sty
Package: trig 2016/01/03 v1.10 sin cos tan (DPC)
)
(c:/Users/admin/AppData/Roaming/TinyTeX/texmf-dist/tex/latex/graphics-cfg/graph
ics.cfg
File: graphics.cfg 2016/06/04 v1.11 sample graphics configuration
)
Package graphics Info: Driver file: pdftex.def on input line 105.
)
\Gin@req@height=\dimen175
\Gin@req@width=\dimen176
)
(c:/Users/admin/AppData/Roaming/TinyTeX/texmf-dist/tex/latex/grffile/grffile.st
y
Package: grffile 2019/11/11 v2.1 Extended file name support for graphics (legac
y)
Package grffile Info: This package is an empty stub for compatibility on input 
line 40.
) (c:/Users/admin/AppData/Roaming/TinyTeX/texmf-dist/tex/generic/babel/babel.st
y
Package: babel 2020/02/28 3.41 The Babel package

(c:/Users/admin/AppData/Roaming/TinyTeX/texmf-dist/tex/generic/babel/switch.def
File: switch.def 2020/02/28 3.41 Babel switching mechanism
)
(c:/Users/admin/AppData/Roaming/TinyTeX/texmf-dist/tex/generic/babel-french/fre
nch.ldf
Language: french 2020/01/30 v3.5g French support from the babel system
(c:/Users/admin/AppData/Roaming/TinyTeX/texmf-dist/tex/generic/babel/babel.def
File: babel.def 2020/02/28 3.41 Babel common definitions
\babel@savecnt=\count280
\U@D=\dimen177

(c:/Users/admin/AppData/Roaming/TinyTeX/texmf-dist/tex/generic/babel/txtbabel.d
ef)
\bbl@readstream=\read3
\bbl@dirlevel=\count281
)
Package babel Info: \l@acadian = using hyphenrules for french
(babel)             (\language3) on input line 91.
Package babel Info: \l@canadien = using hyphenrules for french
(babel)             (\language3) on input line 92.
\FB@nonchar=\count282
\FBguill@level=\count283
\FBold@everypar=\toks26
\FB@Mht=\dimen178
\mc@charclass=\count284
\mc@charfam=\count285
\mc@charslot=\count286
\std@mcc=\count287
\dec@mcc=\count288
\c@FBcaption@count=\count289
\listindentFB=\dimen179
\descindentFB=\dimen180
\labelindentFB=\dimen181
\labelwidthFB=\dimen182
\leftmarginFB=\dimen183
\parindentFFN=\dimen184
\FBfnindent=\dimen185
)
(c:/Users/admin/AppData/Roaming/TinyTeX/texmf-dist/tex/generic/babel-french/fre
nch.ldf
Language: french 2020/01/30 v3.5g French support from the babel system
))
(c:/Users/admin/AppData/Roaming/TinyTeX/texmf-dist/tex/latex/carlisle/scalefnt.
sty)
(c:/Users/admin/AppData/Roaming/TinyTeX/texmf-dist/tex/latex/l3backend/l3backen
d-pdfmode.def
File: l3backend-pdfmode.def 2020-02-23 L3 backend support: PDF mode
\l__kernel_color_stack_int=\count290
\l__pdf_internal_box=\box53
) (./markdown-projet-actuariat.aux)
\openout1 = `markdown-projet-actuariat.aux'.

LaTeX Font Info:    Checking defaults for OML/cmm/m/it on input line 124.
LaTeX Font Info:    ... okay on input line 124.
LaTeX Font Info:    Checking defaults for OMS/cmsy/m/n on input line 124.
LaTeX Font Info:    ... okay on input line 124.
LaTeX Font Info:    Checking defaults for OT1/cmr/m/n on input line 124.
LaTeX Font Info:    ... okay on input line 124.
LaTeX Font Info:    Checking defaults for T1/cmr/m/n on input line 124.
LaTeX Font Info:    ... okay on input line 124.
LaTeX Font Info:    Checking defaults for TS1/cmr/m/n on input line 124.
LaTeX Font Info:    ... okay on input line 124.
LaTeX Font Info:    Checking defaults for OMX/cmex/m/n on input line 124.
LaTeX Font Info:    ... okay on input line 124.
LaTeX Font Info:    Checking defaults for U/cmr/m/n on input line 124.
LaTeX Font Info:    ... okay on input line 124.
LaTeX Font Info:    Checking defaults for PD1/pdf/m/n on input line 124.
LaTeX Font Info:    ... okay on input line 124.
LaTeX Font Info:    Checking defaults for PU/pdf/m/n on input line 124.
LaTeX Font Info:    ... okay on input line 124.

(c:/Users/admin/AppData/Roaming/TinyTeX/texmf-dist/tex/latex/epstopdf-pkg/epsto
pdf-base.sty
Package: epstopdf-base 2020-01-24 v2.11 Base part for package epstopdf
Package epstopdf-base Info: Redefining graphics rule for `.eps' on input line 4
85.

(c:/Users/admin/AppData/Roaming/TinyTeX/texmf-dist/tex/latex/latexconfig/epstop
df-sys.cfg
File: epstopdf-sys.cfg 2010/07/13 v1.3 Configuration of (r)epstopdf for TeX Liv
e
))
\AtBeginShipoutBox=\box54
Package hyperref Info: Link coloring OFF on input line 124.

(c:/Users/admin/AppData/Roaming/TinyTeX/texmf-dist/tex/latex/hyperref/nameref.s
ty
Package: nameref 2019/09/16 v2.46 Cross-referencing by name of section

(c:/Users/admin/AppData/Roaming/TinyTeX/texmf-dist/tex/latex/refcount/refcount.
sty
Package: refcount 2019/12/15 v3.6 Data extraction from label references (HO)
)
(c:/Users/admin/AppData/Roaming/TinyTeX/texmf-dist/tex/generic/gettitlestring/g
ettitlestring.sty
Package: gettitlestring 2019/12/15 v1.6 Cleanup title references (HO)
)
\c@section@level=\count291
)
LaTeX Info: Redefining \ref on input line 124.
LaTeX Info: Redefining \pageref on input line 124.
LaTeX Info: Redefining \nameref on input line 124.
(./markdown-projet-actuariat.out) (./markdown-projet-actuariat.out)
\@outlinefile=\write4
\openout4 = `markdown-projet-actuariat.out'.

*geometry* driver: auto-detecting
*geometry* detected driver: pdftex
*geometry* verbose mode - [ preamble ] result:
* driver: pdftex
* paper: <default>
* layout: <same size as paper>
* layoutoffset:(h,v)=(0.0pt,0.0pt)
* modes: 
* h-part:(L,W,R)=(72.26999pt, 469.75502pt, 72.26999pt)
* v-part:(T,H,B)=(72.26999pt, 650.43001pt, 72.26999pt)
* \paperwidth=614.295pt
* \paperheight=794.96999pt
* \textwidth=469.75502pt
* \textheight=650.43001pt
* \oddsidemargin=0.0pt
* \evensidemargin=0.0pt
* \topmargin=-37.0pt
* \headheight=12.0pt
* \headsep=25.0pt
* \topskip=10.0pt
* \footskip=30.0pt
* \marginparwidth=65.0pt
* \marginparsep=11.0pt
* \columnsep=10.0pt
* \skip\footins=9.0pt plus 4.0pt minus 2.0pt
* \hoffset=0.0pt
* \voffset=0.0pt
* \mag=1000
* \@twocolumnfalse
* \@twosidefalse
* \@mparswitchfalse
* \@reversemarginfalse
* (1in=72.27pt=25.4mm, 1cm=28.453pt)

LaTeX Info: Redefining \degres on input line 124.
LaTeX Info: Redefining \dots on input line 124.
LaTeX Info: Redefining \up on input line 124.
LaTeX Font Info:    Trying to load font information for OT1+lmr on input line 1
26.
(c:/Users/admin/AppData/Roaming/TinyTeX/texmf-dist/tex/latex/lm/ot1lmr.fd
File: ot1lmr.fd 2009/10/30 v1.6 Font defs for Latin Modern
)
LaTeX Font Info:    Trying to load font information for OML+lmm on input line 1
26.
(c:/Users/admin/AppData/Roaming/TinyTeX/texmf-dist/tex/latex/lm/omllmm.fd
File: omllmm.fd 2009/10/30 v1.6 Font defs for Latin Modern
)
LaTeX Font Info:    Trying to load font information for OMS+lmsy on input line 
126.
(c:/Users/admin/AppData/Roaming/TinyTeX/texmf-dist/tex/latex/lm/omslmsy.fd
File: omslmsy.fd 2009/10/30 v1.6 Font defs for Latin Modern
)
LaTeX Font Info:    Trying to load font information for OMX+lmex on input line 
126.
(c:/Users/admin/AppData/Roaming/TinyTeX/texmf-dist/tex/latex/lm/omxlmex.fd
File: omxlmex.fd 2009/10/30 v1.6 Font defs for Latin Modern
)
LaTeX Font Info:    External font `lmex10' loaded for size
(Font)              <12> on input line 126.
LaTeX Font Info:    External font `lmex10' loaded for size
(Font)              <8> on input line 126.
LaTeX Font Info:    External font `lmex10' loaded for size
(Font)              <6> on input line 126.
LaTeX Font Info:    Trying to load font information for U+msa on input line 126
.
(c:/Users/admin/AppData/Roaming/TinyTeX/texmf-dist/tex/latex/amsfonts/umsa.fd
File: umsa.fd 2013/01/14 v3.01 AMS symbols A
)
LaTeX Font Info:    Trying to load font information for U+msb on input line 126
.
(c:/Users/admin/AppData/Roaming/TinyTeX/texmf-dist/tex/latex/amsfonts/umsb.fd
File: umsb.fd 2013/01/14 v3.01 AMS symbols B
) (./markdown-projet-actuariat.toc
LaTeX Font Info:    External font `lmex10' loaded for size
(Font)              <10> on input line 4.
LaTeX Font Info:    External font `lmex10' loaded for size
(Font)              <7> on input line 4.
LaTeX Font Info:    External font `lmex10' loaded for size
(Font)              <5> on input line 4.
)
\tf@toc=\write5
\openout5 = `markdown-projet-actuariat.toc'.

[1

{c:/Users/admin/AppData/Roaming/TinyTeX/texmf-var/fonts/map/pdftex/updmap/pdfte
x.map}] [2] [3]
LaTeX Font Info:    Trying to load font information for TS1+lmr on input line 6
18.
(c:/Users/admin/AppData/Roaming/TinyTeX/texmf-dist/tex/latex/lm/ts1lmr.fd
File: ts1lmr.fd 2009/10/30 v1.6 Font defs for Latin Modern
) [4] [5] [6] [7] [8] [9]
LaTeX Font Info:    Trying to load font information for T1+lmtt on input line 1
371.
(c:/Users/admin/AppData/Roaming/TinyTeX/texmf-dist/tex/latex/lm/t1lmtt.fd
File: t1lmtt.fd 2009/10/30 v1.6 Font defs for Latin Modern
)
LaTeX Font Info:    Font shape `T1/lmtt/bx/n' in size <10> not available
(Font)              Font shape `T1/lmtt/b/n' tried instead on input line 1372.
[10]
<markdown-projet-actuariat_files/figure-latex/unnamed-chunk-17-1.pdf, id=191, 4
69.755pt x 325.215pt>
File: markdown-projet-actuariat_files/figure-latex/unnamed-chunk-17-1.pdf Graph
ic file (type pdf)
<use markdown-projet-actuariat_files/figure-latex/unnamed-chunk-17-1.pdf>
Package pdftex.def Info: markdown-projet-actuariat_files/figure-latex/unnamed-c
hunk-17-1.pdf  used on input line 1464.
(pdftex.def)             Requested size: 469.75386pt x 325.2142pt.
[11]
<markdown-projet-actuariat_files/figure-latex/unnamed-chunk-18-1.pdf, id=196, 4
69.755pt x 325.215pt>
File: markdown-projet-actuariat_files/figure-latex/unnamed-chunk-18-1.pdf Graph
ic file (type pdf)
<use markdown-projet-actuariat_files/figure-latex/unnamed-chunk-18-1.pdf>
Package pdftex.def Info: markdown-projet-actuariat_files/figure-latex/unnamed-c
hunk-18-1.pdf  used on input line 1505.
(pdftex.def)             Requested size: 469.75386pt x 325.2142pt.
[12 <./markdown-projet-actuariat_files/figure-latex/unnamed-chunk-17-1.pdf>]
<markdown-projet-actuariat_files/figure-latex/unnamed-chunk-19-1.pdf, id=206, 4
69.755pt x 325.215pt>
File: markdown-projet-actuariat_files/figure-latex/unnamed-chunk-19-1.pdf Graph
ic file (type pdf)
<use markdown-projet-actuariat_files/figure-latex/unnamed-chunk-19-1.pdf>
Package pdftex.def Info: markdown-projet-actuariat_files/figure-latex/unnamed-c
hunk-19-1.pdf  used on input line 1529.
(pdftex.def)             Requested size: 469.75386pt x 325.2142pt.
[13 <./markdown-projet-actuariat_files/figure-latex/unnamed-chunk-18-1.pdf>]
<markdown-projet-actuariat_files/figure-latex/unnamed-chunk-20-1.pdf, id=217, 4
69.755pt x 325.215pt>
File: markdown-projet-actuariat_files/figure-latex/unnamed-chunk-20-1.pdf Graph
ic file (type pdf)
<use markdown-projet-actuariat_files/figure-latex/unnamed-chunk-20-1.pdf>
Package pdftex.def Info: markdown-projet-actuariat_files/figure-latex/unnamed-c
hunk-20-1.pdf  used on input line 1547.
(pdftex.def)             Requested size: 469.75386pt x 325.2142pt.
[14 <./markdown-projet-actuariat_files/figure-latex/unnamed-chunk-19-1.pdf>]
<markdown-projet-actuariat_files/figure-latex/unnamed-chunk-21-1.pdf, id=227, 4
69.755pt x 325.215pt>
File: markdown-projet-actuariat_files/figure-latex/unnamed-chunk-21-1.pdf Graph
ic file (type pdf)
<use markdown-projet-actuariat_files/figure-latex/unnamed-chunk-21-1.pdf>
Package pdftex.def Info: markdown-projet-actuariat_files/figure-latex/unnamed-c
hunk-21-1.pdf  used on input line 1573.
(pdftex.def)             Requested size: 469.75386pt x 325.2142pt.
[15 <./markdown-projet-actuariat_files/figure-latex/unnamed-chunk-20-1.pdf>]
<markdown-projet-actuariat_files/figure-latex/unnamed-chunk-22-1.pdf, id=238, 4
69.755pt x 325.215pt>
File: markdown-projet-actuariat_files/figure-latex/unnamed-chunk-22-1.pdf Graph
ic file (type pdf)
<use markdown-projet-actuariat_files/figure-latex/unnamed-chunk-22-1.pdf>
Package pdftex.def Info: markdown-projet-actuariat_files/figure-latex/unnamed-c
hunk-22-1.pdf  used on input line 1580.
(pdftex.def)             Requested size: 469.75386pt x 325.2142pt.
<markdown-projet-actuariat_files/figure-latex/unnamed-chunk-22-2.pdf, id=239, 4
69.755pt x 325.215pt>
File: markdown-projet-actuariat_files/figure-latex/unnamed-chunk-22-2.pdf Graph
ic file (type pdf)
<use markdown-projet-actuariat_files/figure-latex/unnamed-chunk-22-2.pdf>
Package pdftex.def Info: markdown-projet-actuariat_files/figure-latex/unnamed-c
hunk-22-2.pdf  used on input line 1581.
(pdftex.def)             Requested size: 469.75386pt x 325.2142pt.
<markdown-projet-actuariat_files/figure-latex/unnamed-chunk-22-3.pdf, id=240, 4
69.755pt x 325.215pt>
File: markdown-projet-actuariat_files/figure-latex/unnamed-chunk-22-3.pdf Graph
ic file (type pdf)
<use markdown-projet-actuariat_files/figure-latex/unnamed-chunk-22-3.pdf>
Package pdftex.def Info: markdown-projet-actuariat_files/figure-latex/unnamed-c
hunk-22-3.pdf  used on input line 1582.
(pdftex.def)             Requested size: 469.75386pt x 325.2142pt.

Underfull \hbox (badness 10000) in paragraph at lines 1580--1583
[][]
 []


Underfull \hbox (badness 10000) in paragraph at lines 1580--1583
[]
 []

[16 <./markdown-projet-actuariat_files/figure-latex/unnamed-chunk-21-1.pdf>] [1
7 <./markdown-projet-actuariat_files/figure-latex/unnamed-chunk-22-1.pdf>] [18 
<./markdown-projet-actuariat_files/figure-latex/unnamed-chunk-22-2.pdf>]
<markdown-projet-actuariat_files/figure-latex/unnamed-chunk-23-1.pdf, id=268, 4
69.755pt x 325.215pt>
File: markdown-projet-actuariat_files/figure-latex/unnamed-chunk-23-1.pdf Graph
ic file (type pdf)
<use markdown-projet-actuariat_files/figure-latex/unnamed-chunk-23-1.pdf>
Package pdftex.def Info: markdown-projet-actuariat_files/figure-latex/unnamed-c
hunk-23-1.pdf  used on input line 1587.
(pdftex.def)             Requested size: 469.75386pt x 325.2142pt.
[19 <./markdown-projet-actuariat_files/figure-latex/unnamed-chunk-22-3.pdf>]
<markdown-projet-actuariat_files/figure-latex/unnamed-chunk-24-1.pdf, id=279, 4
69.755pt x 325.215pt>
File: markdown-projet-actuariat_files/figure-latex/unnamed-chunk-24-1.pdf Graph
ic file (type pdf)
<use markdown-projet-actuariat_files/figure-latex/unnamed-chunk-24-1.pdf>
Package pdftex.def Info: markdown-projet-actuariat_files/figure-latex/unnamed-c
hunk-24-1.pdf  used on input line 1597.
(pdftex.def)             Requested size: 469.75386pt x 325.2142pt.

Underfull \hbox (badness 10000) in paragraph at lines 1597--1599
[][]
 []

[20 <./markdown-projet-actuariat_files/figure-latex/unnamed-chunk-23-1.pdf>]
<markdown-projet-actuariat_files/figure-latex/unnamed-chunk-26-1.pdf, id=289, 4
69.755pt x 325.215pt>
File: markdown-projet-actuariat_files/figure-latex/unnamed-chunk-26-1.pdf Graph
ic file (type pdf)
<use markdown-projet-actuariat_files/figure-latex/unnamed-chunk-26-1.pdf>
Package pdftex.def Info: markdown-projet-actuariat_files/figure-latex/unnamed-c
hunk-26-1.pdf  used on input line 1620.
(pdftex.def)             Requested size: 469.75386pt x 325.2142pt.
[21 <./markdown-projet-actuariat_files/figure-latex/unnamed-chunk-24-1.pdf>]
<markdown-projet-actuariat_files/figure-latex/unnamed-chunk-27-1.pdf, id=302, 4
69.755pt x 325.215pt>
File: markdown-projet-actuariat_files/figure-latex/unnamed-chunk-27-1.pdf Graph
ic file (type pdf)
<use markdown-projet-actuariat_files/figure-latex/unnamed-chunk-27-1.pdf>
Package pdftex.def Info: markdown-projet-actuariat_files/figure-latex/unnamed-c
hunk-27-1.pdf  used on input line 1633.
(pdftex.def)             Requested size: 469.75386pt x 325.2142pt.
[22 <./markdown-projet-actuariat_files/figure-latex/unnamed-chunk-26-1.pdf>]
<markdown-projet-actuariat_files/figure-latex/unnamed-chunk-28-1.pdf, id=313, 4
69.755pt x 325.215pt>
File: markdown-projet-actuariat_files/figure-latex/unnamed-chunk-28-1.pdf Graph
ic file (type pdf)
<use markdown-projet-actuariat_files/figure-latex/unnamed-chunk-28-1.pdf>
Package pdftex.def Info: markdown-projet-actuariat_files/figure-latex/unnamed-c
hunk-28-1.pdf  used on input line 1635.
(pdftex.def)             Requested size: 469.75386pt x 325.2142pt.
<markdown-projet-actuariat_files/figure-latex/unnamed-chunk-28-2.pdf, id=314, 4
69.755pt x 325.215pt>
File: markdown-projet-actuariat_files/figure-latex/unnamed-chunk-28-2.pdf Graph
ic file (type pdf)
<use markdown-projet-actuariat_files/figure-latex/unnamed-chunk-28-2.pdf>
Package pdftex.def Info: markdown-projet-actuariat_files/figure-latex/unnamed-c
hunk-28-2.pdf  used on input line 1636.
(pdftex.def)             Requested size: 469.75386pt x 325.2142pt.

Underfull \hbox (badness 10000) in paragraph at lines 1635--1637
[][]
 []

[23 <./markdown-projet-actuariat_files/figure-latex/unnamed-chunk-27-1.pdf>] [2
4 <./markdown-projet-actuariat_files/figure-latex/unnamed-chunk-28-1.pdf>] [25 
<./markdown-projet-actuariat_files/figure-latex/unnamed-chunk-28-2.pdf>]

LaTeX Warning: Command \textmu invalid in math mode on input line 1674.


LaTeX Warning: Command \textmu invalid in math mode on input line 1674.

[26]
LaTeX Font Info:    Trying to load font information for TS1+lmtt on input line 
1788.
(c:/Users/admin/AppData/Roaming/TinyTeX/texmf-dist/tex/latex/lm/ts1lmtt.fd
File: ts1lmtt.fd 2009/10/30 v1.6 Font defs for Latin Modern
) [27]
<markdown-projet-actuariat_files/figure-latex/unnamed-chunk-32-1.pdf, id=363, 4
69.755pt x 325.215pt>
File: markdown-projet-actuariat_files/figure-latex/unnamed-chunk-32-1.pdf Graph
ic file (type pdf)
<use markdown-projet-actuariat_files/figure-latex/unnamed-chunk-32-1.pdf>
Package pdftex.def Info: markdown-projet-actuariat_files/figure-latex/unnamed-c
hunk-32-1.pdf  used on input line 1857.
(pdftex.def)             Requested size: 469.75386pt x 325.2142pt.

Overfull \hbox (182.01192pt too wide) in paragraph at lines 1857--1858
 \T1/lmr/bx/n/10 3.2.1.1 loi de gamma (ou d'Eu-ler)[][] [] 
 []

[28]
<markdown-projet-actuariat_files/figure-latex/unnamed-chunk-33-1.pdf, id=369, 4
69.755pt x 325.215pt>
File: markdown-projet-actuariat_files/figure-latex/unnamed-chunk-33-1.pdf Graph
ic file (type pdf)
<use markdown-projet-actuariat_files/figure-latex/unnamed-chunk-33-1.pdf>
Package pdftex.def Info: markdown-projet-actuariat_files/figure-latex/unnamed-c
hunk-33-1.pdf  used on input line 1862.
(pdftex.def)             Requested size: 469.75386pt x 325.2142pt.

Overfull \hbox (119.4334pt too wide) in paragraph at lines 1862--1863
 \T1/lmr/bx/n/10 3.2.1.2 In-verse gauss[][] [] 
 []

[29 <./markdown-projet-actuariat_files/figure-latex/unnamed-chunk-32-1.pdf>] [3
0 <./markdown-projet-actuariat_files/figure-latex/unnamed-chunk-33-1.pdf>] [31]

Underfull \hbox (badness 10000) in paragraph at lines 1975--1978
\T1/lmr/m/n/10 des -[] composantes -[] principales -[] dans -[] r -[] guide -[]
 pratique / 73 -[] acp -[] analyse -[] en -[] composantes -[] principales -[]
 []


Underfull \hbox (badness 10000) in paragraph at lines 1978--1980
\T1/lmr/m/n/10 des -[] composantes -[] principales -[] dans -[] r -[] guide -[]
 pratique / 74 -[] afc -[] analyse -[] factorielle -[] des -[] correspondances 
-[]
 []

[32] [33] [34] [35] [36]
Overfull \hbox (296.74275pt too wide) in paragraph at lines 2315--2315
[]\T1/lmtt/m/n/10 ## lowest : carburation                    GPL               
             injection                      injection directe surpuissante élec
trique[] 
 []


Overfull \hbox (359.74257pt too wide) in paragraph at lines 2315--2315
[]\T1/lmtt/m/n/10 ## highest: GPL                            injection         
             injection directe surpuissante électrique                     inje
ction surpuissante[] 
 []

[37]
Overfull \hbox (2.03835pt too wide) in alignment at lines 2321--2325
 [] [] [] 
 []

<graphique/Exposure1.png, id=438, 803.0pt x 702.625pt>
File: graphique/Exposure1.png Graphic file (type png)
<use graphique/Exposure1.png>
Package pdftex.def Info: graphique/Exposure1.png  used on input line 2327.
(pdftex.def)             Requested size: 187.89635pt x 164.40929pt.
<graphique/Exposure2.png, id=439, 803.0pt x 702.625pt>
File: graphique/Exposure2.png Graphic file (type png)
<use graphique/Exposure2.png>
Package pdftex.def Info: graphique/Exposure2.png  used on input line 2329.
(pdftex.def)             Requested size: 187.89635pt x 164.40929pt.
<graphique/LicAge1.png, id=440, 803.0pt x 702.625pt>
File: graphique/LicAge1.png Graphic file (type png)
<use graphique/LicAge1.png>
Package pdftex.def Info: graphique/LicAge1.png  used on input line 2331.
(pdftex.def)             Requested size: 187.89635pt x 164.40929pt.
<graphique/LicAge2.png, id=441, 803.0pt x 702.625pt>
File: graphique/LicAge2.png Graphic file (type png)
<use graphique/LicAge2.png>
Package pdftex.def Info: graphique/LicAge2.png  used on input line 2333.
(pdftex.def)             Requested size: 187.89635pt x 164.40929pt.
<graphique/VehAge1.png, id=442, 803.0pt x 702.625pt>
File: graphique/VehAge1.png Graphic file (type png)
<use graphique/VehAge1.png>
Package pdftex.def Info: graphique/VehAge1.png  used on input line 2335.
(pdftex.def)             Requested size: 187.89635pt x 164.40929pt.
<graphique/VehAge2.png, id=443, 803.0pt x 702.625pt>
File: graphique/VehAge2.png Graphic file (type png)
<use graphique/VehAge2.png>
Package pdftex.def Info: graphique/VehAge2.png  used on input line 2337.
(pdftex.def)             Requested size: 187.89635pt x 164.40929pt.
<graphique/MariStat1.png, id=444, 803.0pt x 702.625pt>
File: graphique/MariStat1.png Graphic file (type png)
<use graphique/MariStat1.png>
Package pdftex.def Info: graphique/MariStat1.png  used on input line 2339.
(pdftex.def)             Requested size: 187.89635pt x 164.40929pt.
<graphique/MariStat2.png, id=445, 803.0pt x 702.625pt>
File: graphique/MariStat2.png Graphic file (type png)
<use graphique/MariStat2.png>
Package pdftex.def Info: graphique/MariStat2.png  used on input line 2341.
(pdftex.def)             Requested size: 187.89635pt x 164.40929pt.
<graphique/SocioCateg1.png, id=446, 803.0pt x 702.625pt>
File: graphique/SocioCateg1.png Graphic file (type png)
<use graphique/SocioCateg1.png>
Package pdftex.def Info: graphique/SocioCateg1.png  used on input line 2343.
(pdftex.def)             Requested size: 187.89635pt x 164.40929pt.
<graphique/SocioCateg2.png, id=447, 803.0pt x 702.625pt>
File: graphique/SocioCateg2.png Graphic file (type png)
<use graphique/SocioCateg2.png>
Package pdftex.def Info: graphique/SocioCateg2.png  used on input line 2345.
(pdftex.def)             Requested size: 187.89635pt x 164.40929pt.
<graphique/VehUsage1.png, id=448, 803.0pt x 702.625pt>
File: graphique/VehUsage1.png Graphic file (type png)
<use graphique/VehUsage1.png>
Package pdftex.def Info: graphique/VehUsage1.png  used on input line 2347.
(pdftex.def)             Requested size: 187.89635pt x 164.40929pt.
<graphique/VehUsage2.png, id=449, 803.0pt x 702.625pt>
File: graphique/VehUsage2.png Graphic file (type png)
<use graphique/VehUsage2.png>
Package pdftex.def Info: graphique/VehUsage2.png  used on input line 2349.
(pdftex.def)             Requested size: 187.89635pt x 164.40929pt.
<graphique/DrivAge1.png, id=450, 803.0pt x 702.625pt>
File: graphique/DrivAge1.png Graphic file (type png)
<use graphique/DrivAge1.png>
Package pdftex.def Info: graphique/DrivAge1.png  used on input line 2351.
(pdftex.def)             Requested size: 187.89635pt x 164.40929pt.
<graphique/DrivAge2.png, id=451, 803.0pt x 702.625pt>
File: graphique/DrivAge2.png Graphic file (type png)
<use graphique/DrivAge2.png>
Package pdftex.def Info: graphique/DrivAge2.png  used on input line 2353.
(pdftex.def)             Requested size: 187.89635pt x 164.40929pt.
<graphique/HasKmLimit1.png, id=452, 803.0pt x 702.625pt>
File: graphique/HasKmLimit1.png Graphic file (type png)
<use graphique/HasKmLimit1.png>
Package pdftex.def Info: graphique/HasKmLimit1.png  used on input line 2355.
(pdftex.def)             Requested size: 187.89635pt x 164.40929pt.
<graphique/HasKmLimit2.png, id=453, 803.0pt x 702.625pt>
File: graphique/HasKmLimit2.png Graphic file (type png)
<use graphique/HasKmLimit2.png>
Package pdftex.def Info: graphique/HasKmLimit2.png  used on input line 2357.
(pdftex.def)             Requested size: 187.89635pt x 164.40929pt.
<graphique/BonusMalus1.png, id=454, 803.0pt x 702.625pt>
File: graphique/BonusMalus1.png Graphic file (type png)
<use graphique/BonusMalus1.png>
Package pdftex.def Info: graphique/BonusMalus1.png  used on input line 2359.
(pdftex.def)             Requested size: 187.89635pt x 164.40929pt.
<graphique/BonusMalus2.png, id=455, 803.0pt x 702.625pt>
File: graphique/BonusMalus2.png Graphic file (type png)
<use graphique/BonusMalus2.png>
Package pdftex.def Info: graphique/BonusMalus2.png  used on input line 2361.
(pdftex.def)             Requested size: 187.89635pt x 164.40929pt.
<graphique/VehBody1.png, id=456, 803.0pt x 702.625pt>
File: graphique/VehBody1.png Graphic file (type png)
<use graphique/VehBody1.png>
Package pdftex.def Info: graphique/VehBody1.png  used on input line 2363.
(pdftex.def)             Requested size: 187.89635pt x 164.40929pt.
<graphique/VehBody2.png, id=457, 803.0pt x 702.625pt>
File: graphique/VehBody2.png Graphic file (type png)
<use graphique/VehBody2.png>
Package pdftex.def Info: graphique/VehBody2.png  used on input line 2365.
(pdftex.def)             Requested size: 187.89635pt x 164.40929pt.
<graphique/VehPrice1.png, id=458, 803.0pt x 702.625pt>
File: graphique/VehPrice1.png Graphic file (type png)
<use graphique/VehPrice1.png>
Package pdftex.def Info: graphique/VehPrice1.png  used on input line 2367.
(pdftex.def)             Requested size: 187.89635pt x 164.40929pt.
<graphique/VehPrice2.png, id=459, 803.0pt x 702.625pt>
File: graphique/VehPrice2.png Graphic file (type png)
<use graphique/VehPrice2.png>
Package pdftex.def Info: graphique/VehPrice2.png  used on input line 2369.
(pdftex.def)             Requested size: 187.89635pt x 164.40929pt.
<graphique/VehEngine1.png, id=460, 803.0pt x 702.625pt>
File: graphique/VehEngine1.png Graphic file (type png)
<use graphique/VehEngine1.png>
Package pdftex.def Info: graphique/VehEngine1.png  used on input line 2371.
(pdftex.def)             Requested size: 187.89635pt x 164.40929pt.
<graphique/VehEngine2.png, id=461, 803.0pt x 702.625pt>
File: graphique/VehEngine2.png Graphic file (type png)
<use graphique/VehEngine2.png>
Package pdftex.def Info: graphique/VehEngine2.png  used on input line 2373.
(pdftex.def)             Requested size: 187.89635pt x 164.40929pt.
<graphique/VehEnergy1.png, id=462, 803.0pt x 702.625pt>
File: graphique/VehEnergy1.png Graphic file (type png)
<use graphique/VehEnergy1.png>
Package pdftex.def Info: graphique/VehEnergy1.png  used on input line 2375.
(pdftex.def)             Requested size: 187.89635pt x 164.40929pt.
<graphique/VehEnergy2.png, id=463, 803.0pt x 702.625pt>
File: graphique/VehEnergy2.png Graphic file (type png)
<use graphique/VehEnergy2.png>
Package pdftex.def Info: graphique/VehEnergy2.png  used on input line 2377.
(pdftex.def)             Requested size: 187.89635pt x 164.40929pt.
<graphique/VehMaxSpeed1.png, id=464, 803.0pt x 702.625pt>
File: graphique/VehMaxSpeed1.png Graphic file (type png)
<use graphique/VehMaxSpeed1.png>
Package pdftex.def Info: graphique/VehMaxSpeed1.png  used on input line 2379.
(pdftex.def)             Requested size: 187.89635pt x 164.40929pt.
<graphique/VehMaxSpeed2.png, id=465, 803.0pt x 702.625pt>
File: graphique/VehMaxSpeed2.png Graphic file (type png)
<use graphique/VehMaxSpeed2.png>
Package pdftex.def Info: graphique/VehMaxSpeed2.png  used on input line 2381.
(pdftex.def)             Requested size: 187.89635pt x 164.40929pt.
<graphique/VehClass1.png, id=466, 803.0pt x 702.625pt>
File: graphique/VehClass1.png Graphic file (type png)
<use graphique/VehClass1.png>
Package pdftex.def Info: graphique/VehClass1.png  used on input line 2383.
(pdftex.def)             Requested size: 187.89635pt x 164.40929pt.
<graphique/VehClass2.png, id=467, 803.0pt x 702.625pt>
File: graphique/VehClass2.png Graphic file (type png)
<use graphique/VehClass2.png>
Package pdftex.def Info: graphique/VehClass2.png  used on input line 2385.
(pdftex.def)             Requested size: 187.89635pt x 164.40929pt.
<graphique/RiskVar1.png, id=468, 803.0pt x 702.625pt>
File: graphique/RiskVar1.png Graphic file (type png)
<use graphique/RiskVar1.png>
Package pdftex.def Info: graphique/RiskVar1.png  used on input line 2387.
(pdftex.def)             Requested size: 187.89635pt x 164.40929pt.
<graphique/RiskVar2.png, id=469, 803.0pt x 702.625pt>
File: graphique/RiskVar2.png Graphic file (type png)
<use graphique/RiskVar2.png>
Package pdftex.def Info: graphique/RiskVar2.png  used on input line 2389.
(pdftex.def)             Requested size: 187.89635pt x 164.40929pt.
<graphique/ClaimAmount1.png, id=470, 803.0pt x 702.625pt>
File: graphique/ClaimAmount1.png Graphic file (type png)
<use graphique/ClaimAmount1.png>
Package pdftex.def Info: graphique/ClaimAmount1.png  used on input line 2391.
(pdftex.def)             Requested size: 187.89635pt x 164.40929pt.
<graphique/ClaimAmount2.png, id=471, 803.0pt x 702.625pt>
File: graphique/ClaimAmount2.png Graphic file (type png)
<use graphique/ClaimAmount2.png>
Package pdftex.def Info: graphique/ClaimAmount2.png  used on input line 2393.
(pdftex.def)             Requested size: 187.89635pt x 164.40929pt.
<graphique/Garage1.png, id=472, 803.0pt x 702.625pt>
File: graphique/Garage1.png Graphic file (type png)
<use graphique/Garage1.png>
Package pdftex.def Info: graphique/Garage1.png  used on input line 2395.
(pdftex.def)             Requested size: 187.89635pt x 164.40929pt.
<graphique/Garage2.png, id=473, 803.0pt x 702.625pt>
File: graphique/Garage2.png Graphic file (type png)
<use graphique/Garage2.png>
Package pdftex.def Info: graphique/Garage2.png  used on input line 2397.
(pdftex.def)             Requested size: 187.89635pt x 164.40929pt.
<graphique/ClaimInd1.png, id=474, 803.0pt x 702.625pt>
File: graphique/ClaimInd1.png Graphic file (type png)
<use graphique/ClaimInd1.png>
Package pdftex.def Info: graphique/ClaimInd1.png  used on input line 2399.
(pdftex.def)             Requested size: 187.89635pt x 164.40929pt.
<graphique/ClaimInd2.png, id=475, 803.0pt x 702.625pt>
File: graphique/ClaimInd2.png Graphic file (type png)
<use graphique/ClaimInd2.png>
Package pdftex.def Info: graphique/ClaimInd2.png  used on input line 2401.
(pdftex.def)             Requested size: 187.89635pt x 164.40929pt.

Overfull \hbox (2.03835pt too wide) in alignment at lines 2325--2403
 [] [] [] 
 []

[38 <./graphique/Exposure1.png> <./graphique/Exposure2.png>] [39 <./graphique/L
icAge1.png> <./graphique/LicAge2.png> <./graphique/VehAge1.png (PNG copy)> <./g
raphique/VehAge2.png> <./graphique/MariStat1.png> <./graphique/MariStat2.png>] 
[40 <./graphique/SocioCateg1.png> <./graphique/SocioCateg2.png> <./graphique/Ve
hUsage1.png> <./graphique/VehUsage2.png> <./graphique/DrivAge1.png> <./graphiqu
e/DrivAge2.png>] [41 <./graphique/HasKmLimit1.png> <./graphique/HasKmLimit2.png
> <./graphique/BonusMalus1.png> <./graphique/BonusMalus2.png> <./graphique/VehB
ody1.png (PNG copy)> <./graphique/VehBody2.png (PNG copy)>] [42 <./graphique/Ve
hPrice1.png (PNG copy)> <./graphique/VehPrice2.png (PNG copy)> <./graphique/Veh
Engine1.png (PNG copy)> <./graphique/VehEngine2.png (PNG copy)> <./graphique/Ve
hEnergy1.png> <./graphique/VehEnergy2.png>] [43 <./graphique/VehMaxSpeed1.png (
PNG copy)> <./graphique/VehMaxSpeed2.png (PNG copy)> <./graphique/VehClass1.png
> <./graphique/VehClass2.png> <./graphique/RiskVar1.png> <./graphique/RiskVar2.
png>]
Package atveryend Info: Empty hook `BeforeClearDocument' on input line 2405.
[44 <./graphique/ClaimAmount1.png> <./graphique/ClaimAmount2.png> <./graphique/
Garage1.png> <./graphique/Garage2.png> <./graphique/ClaimInd1.png> <./graphique
/ClaimInd2.png>]
Package atveryend Info: Empty hook `AfterLastShipout' on input line 2405.
(./markdown-projet-actuariat.aux)
Package atveryend Info: Executing hook `AtVeryEndDocument' on input line 2405.
Package atveryend Info: Executing hook `AtEndAfterFileList' on input line 2405.

Package rerunfilecheck Info: File `markdown-projet-actuariat.out' has not chang
ed.
(rerunfilecheck)             Checksum: 5818B928BFBC5FB1422285793BBE00EB;5371.
Package atveryend Info: Empty hook `AtVeryVeryEnd' on input line 2405.
 ) 
Here is how much of TeX's memory you used:
 13215 strings out of 482918
 199417 string characters out of 5957882
 487947 words of memory out of 5000000
 28093 multiletter control sequences out of 15000+600000
 583512 words of font info for 68 fonts, out of 8000000 for 9000
 14 hyphenation exceptions out of 8191
 34i,7n,37p,919b,516s stack positions out of 5000i,500n,10000p,200000b,80000s
{c:/Users/admin/AppData/Roaming/TinyTeX/texmf-dist/fonts/enc/dvips/lm/lm-ts1.
enc}{c:/Users/admin/AppData/Roaming/TinyTeX/texmf-dist/fonts/enc/dvips/lm/lm-ec
.enc}{c:/Users/admin/AppData/Roaming/TinyTeX/texmf-dist/fonts/enc/dvips/lm/lm-r
m.enc}{c:/Users/admin/AppData/Roaming/TinyTeX/texmf-dist/fonts/enc/dvips/lm/lm-
mathex.enc}{c:/Users/admin/AppData/Roaming/TinyTeX/texmf-dist/fonts/enc/dvips/l
m/lm-mathit.enc}<c:/Users/admin/AppData/Roaming/TinyTeX/texmf-dist/fonts/type1/
public/lm/lmbx10.pfb><c:/Users/admin/AppData/Roaming/TinyTeX/texmf-dist/fonts/t
ype1/public/lm/lmbx12.pfb><c:/Users/admin/AppData/Roaming/TinyTeX/texmf-dist/fo
nts/type1/public/lm/lmex10.pfb><c:/Users/admin/AppData/Roaming/TinyTeX/texmf-di
st/fonts/type1/public/lm/lmmi10.pfb><c:/Users/admin/AppData/Roaming/TinyTeX/tex
mf-dist/fonts/type1/public/lm/lmmi7.pfb><c:/Users/admin/AppData/Roaming/TinyTeX
/texmf-dist/fonts/type1/public/lm/lmr10.pfb><c:/Users/admin/AppData/Roaming/Tin
yTeX/texmf-dist/fonts/type1/public/lm/lmr12.pfb><c:/Users/admin/AppData/Roaming
/TinyTeX/texmf-dist/fonts/type1/public/lm/lmr17.pfb><c:/Users/admin/AppData/Roa
ming/TinyTeX/texmf-dist/fonts/type1/public/lm/lmr7.pfb><c:/Users/admin/AppData/
Roaming/TinyTeX/texmf-dist/fonts/type1/public/lm/lmri10.pfb><c:/Users/admin/App
Data/Roaming/TinyTeX/texmf-dist/fonts/type1/public/lm/lmtk10.pfb><c:/Users/admi
n/AppData/Roaming/TinyTeX/texmf-dist/fonts/type1/public/lm/lmtt10.pfb><c:/Users
/admin/AppData/Roaming/TinyTeX/texmf-dist/fonts/type1/public/lm/lmtti10.pfb>
Output written on markdown-projet-actuariat.pdf (44 pages, 3645215 bytes).
PDF statistics:
 612 PDF objects out of 1000 (max. 8388607)
 446 compressed objects within 5 object streams
 100 named destinations out of 1000 (max. 500000)
 463 words of extra memory for PDF output out of 10000 (max. 10000000)

